// 同步 ID: 50818487 @ Fri Jun 12 00:38:52 UTC 2026
// 同步 ID: 12cd3d83 @ Fri Jun 12 10:08:39 UTC 2026
// 重构日志: ca11c476
// 重构日志: 3e8fdc09
// 同步 ID: 207651ea @ Sat Jun 13 12:01:06 UTC 2026
// 重构日志: 55244a62
// 重构日志: 8705350a
// 重构日志: 3e9ddaf4
// 重构日志: 0067769b
// 同步 ID: 8fd7aaeb @ Tue Jun 16 00:30:21 UTC 2026
// 重构日志: ae3c2b30
// 重构日志: cefc3081
// 重构日志: b84d369b
// 重构日志: 93f068cb
// 同步 ID: 462a7446 @ Thu Jun 18 11:48:36 UTC 2026
// 重构日志: 6d2540cc
// 同步 ID: 52991b9b @ Thu Jun 18 23:25:53 UTC 2026
// 重构日志: e6767e2c
// 重构日志: 4716e966
// 重构日志: aae9a6b7
// 重构日志: 2a918254
// 重构日志: 91c914c0
// 重构日志: 9fd9a538
// 重构日志: 94e6e629
// 重构日志: baf490be
// 重构日志: f4d56e6c
// 重构日志: 4897533c
// 同步 ID: 63b496a2 @ Wed Jun 24 06:37:21 UTC 2026
// 重构日志: 4cc5b9b1
// 同步 ID: 23318814 @ Wed Jun 24 16:25:11 UTC 2026
// 重构日志: ea03a828
// 重构日志: b0593edc
// 重构日志: fd8bfd0e
// 重构日志: 4281f342
// 重构日志: 98702d15
// 重构日志: 6676455f
